Started GET "/" for 127.0.0.1 at 2020-07-03 20:51:43 -0500
Processing by Rails::WelcomeController#index as HTML
  Rendering /usr/local/lib/ruby/gems/2.5.0/gems/railties-5.2.1/lib/rails/templates/rails/welcome/index.html.erb
  Rendered /usr/local/lib/ruby/gems/2.5.0/gems/railties-5.2.1/lib/rails/templates/rails/welcome/index.html.erb (5.6ms)
Completed 200 OK in 34ms (Views: 17.5ms | ActiveRecord: 0.0ms)


Started GET "/" for 127.0.0.1 at 2020-07-03 20:57:13 -0500
Processing by Rails::WelcomeController#index as HTML
  Rendering /usr/local/lib/ruby/gems/2.5.0/gems/railties-5.2.1/lib/rails/templates/rails/welcome/index.html.erb
  Rendered /usr/local/lib/ruby/gems/2.5.0/gems/railties-5.2.1/lib/rails/templates/rails/welcome/index.html.erb (4.6ms)
Completed 200 OK in 32ms (Views: 15.5ms | ActiveRecord: 0.0ms)


Started GET "/Welcome" for 127.0.0.1 at 2020-07-03 20:57:22 -0500
  
ActionController::RoutingError (No route matches [GET] "/Welcome"):
  
actionpack (5.2.1) lib/action_dispatch/middleware/debug_exceptions.rb:65:in `call'
web-console (3.7.0) lib/web_console/middleware.rb:135:in `call_app'
web-console (3.7.0) lib/web_console/middleware.rb:30:in `block in call'
web-console (3.7.0) lib/web_console/middleware.rb:20:in `catch'
web-console (3.7.0) lib/web_console/middleware.rb:20:in `call'
actionpack (5.2.1) lib/action_dispatch/middleware/show_exceptions.rb:33:in `call'
railties (5.2.1) lib/rails/rack/logger.rb:38:in `call_app'
railties (5.2.1) lib/rails/rack/logger.rb:26:in `block in call'
activesupport (5.2.1) lib/active_support/tagged_logging.rb:71:in `block in tagged'
activesupport (5.2.1) lib/active_support/tagged_logging.rb:28:in `tagged'
activesupport (5.2.1) lib/active_support/tagged_logging.rb:71:in `tagged'
railties (5.2.1) lib/rails/rack/logger.rb:26:in `call'
sprockets-rails (3.2.1) lib/sprockets/rails/quiet_assets.rb:13:in `call'
actionpack (5.2.1) lib/action_dispatch/middleware/remote_ip.rb:81:in `call'
actionpack (5.2.1) lib/action_dispatch/middleware/request_id.rb:27:in `call'
rack (2.0.5) lib/rack/method_override.rb:22:in `call'
rack (2.0.5) lib/rack/runtime.rb:22:in `call'
activesupport (5.2.1) lib/active_support/cache/strategy/local_cache_middleware.rb:29:in `call'
actionpack (5.2.1) lib/action_dispatch/middleware/executor.rb:14:in `call'
actionpack (5.2.1) lib/action_dispatch/middleware/static.rb:127:in `call'
rack (2.0.5) lib/rack/sendfile.rb:111:in `call'
railties (5.2.1) lib/rails/engine.rb:524:in `call'
puma (3.12.0) lib/puma/configuration.rb:225:in `call'
puma (3.12.0) lib/puma/server.rb:658:in `handle_request'
puma (3.12.0) lib/puma/server.rb:472:in `process_client'
puma (3.12.0) lib/puma/server.rb:332:in `block in run'
puma (3.12.0) lib/puma/thread_pool.rb:133:in `block in spawn_thread'
Started GET "/welcome/index" for 127.0.0.1 at 2020-07-03 20:57:40 -0500
Processing by WelcomeController#index as HTML
  Rendering welcome/index.html.erb within layouts/application
  Rendered welcome/index.html.erb within layouts/application (0.8ms)
Completed 200 OK in 1182ms (Views: 1177.3ms | ActiveRecord: 0.0ms)


Started GET "/welcome/index" for 127.0.0.1 at 2020-07-03 21:00:20 -0500
Processing by WelcomeController#index as HTML
  Rendering welcome/index.html.erb within layouts/application
  Rendered welcome/index.html.erb within layouts/application (0.5ms)
Completed 200 OK in 52ms (Views: 48.2ms | ActiveRecord: 0.0ms)


Started GET "/welcome/index" for 127.0.0.1 at 2020-07-03 21:01:04 -0500
Processing by WelcomeController#index as HTML
  Rendering welcome/index.html.erb within layouts/application
  Rendered welcome/index.html.erb within layouts/application (0.8ms)
Completed 200 OK in 57ms (Views: 53.9ms | ActiveRecord: 0.0ms)


Started GET "/welcome/index" for 127.0.0.1 at 2020-07-03 21:01:06 -0500
Processing by WelcomeController#index as HTML
  Rendering welcome/index.html.erb within layouts/application
  Rendered welcome/index.html.erb within layouts/application (0.5ms)
Completed 200 OK in 37ms (Views: 32.3ms | ActiveRecord: 0.0ms)


Started GET "/welcome/index" for 127.0.0.1 at 2020-07-03 21:02:18 -0500
Processing by WelcomeController#index as HTML
  Rendering welcome/index.html.erb within layouts/application
  Rendered welcome/index.html.erb within layouts/application (1.1ms)
Completed 200 OK in 66ms (Views: 62.8ms | ActiveRecord: 0.0ms)


Started GET "/welcome/index" for 127.0.0.1 at 2020-07-03 21:02:57 -0500
Processing by WelcomeController#index as HTML
  Rendering welcome/index.html.erb within layouts/application
  Rendered welcome/index.html.erb within layouts/application (1.7ms)
Completed 200 OK in 126ms (Views: 119.9ms | ActiveRecord: 0.0ms)


Started GET "/welcome/index" for 127.0.0.1 at 2020-07-03 21:03:24 -0500
Processing by WelcomeController#index as HTML
  Rendering welcome/index.html.erb within layouts/application
  Rendered welcome/index.html.erb within layouts/application (2.5ms)
Completed 200 OK in 92ms (Views: 88.8ms | ActiveRecord: 0.0ms)


Started GET "/welcome/index" for 127.0.0.1 at 2020-07-03 21:04:00 -0500
Processing by WelcomeController#index as HTML
  Rendering welcome/index.html.erb within layouts/application
  Rendered welcome/index.html.erb within layouts/application (0.7ms)
Completed 200 OK in 54ms (Views: 50.6ms | ActiveRecord: 0.0ms)


Started GET "/welcome/index" for 127.0.0.1 at 2020-07-03 21:04:14 -0500
Processing by WelcomeController#index as HTML
  Rendering welcome/index.html.erb within layouts/application
  Rendered welcome/index.html.erb within layouts/application (0.5ms)
Completed 200 OK in 56ms (Views: 52.8ms | ActiveRecord: 0.0ms)


Started GET "/welcome/index" for 127.0.0.1 at 2020-07-03 21:04:38 -0500
Processing by WelcomeController#index as HTML
  Rendering welcome/index.html.erb within layouts/application
  Rendered welcome/index.html.erb within layouts/application (0.4ms)
Completed 200 OK in 51ms (Views: 47.2ms | ActiveRecord: 0.0ms)


Started GET "/welcome/index" for 127.0.0.1 at 2020-07-03 21:09:49 -0500
Processing by WelcomeController#index as HTML
  Rendering welcome/index.html.erb within layouts/application
  Rendered welcome/index.html.erb within layouts/application (3.5ms)
Completed 200 OK in 109ms (Views: 91.2ms | ActiveRecord: 0.0ms)


Started GET "/welcome/index" for 127.0.0.1 at 2020-07-03 21:10:08 -0500
Processing by WelcomeController#index as HTML
  Rendering welcome/index.html.erb within layouts/application
  Rendered welcome/index.html.erb within layouts/application (0.7ms)
Completed 200 OK in 59ms (Views: 56.5ms | ActiveRecord: 0.0ms)


Started GET "/welcome/index" for 127.0.0.1 at 2020-07-03 21:11:07 -0500
Processing by WelcomeController#index as HTML
  Rendering welcome/index.html.erb within layouts/application
  Rendered welcome/index.html.erb within layouts/application (0.7ms)
Completed 200 OK in 104ms (Views: 100.9ms | ActiveRecord: 0.0ms)


Started GET "/welcome/index" for 127.0.0.1 at 2020-07-03 21:11:33 -0500
Processing by WelcomeController#index as HTML
  Rendering welcome/index.html.erb within layouts/application
  Rendered welcome/index.html.erb within layouts/application (0.5ms)
Completed 200 OK in 46ms (Views: 41.8ms | ActiveRecord: 0.0ms)


Started GET "/welcome/index" for 127.0.0.1 at 2020-07-03 21:12:39 -0500
Processing by WelcomeController#index as HTML
  Rendering welcome/index.html.erb within layouts/application
  Rendered welcome/index.html.erb within layouts/application (0.5ms)
Completed 200 OK in 50ms (Views: 46.8ms | ActiveRecord: 0.0ms)


Started GET "/welcome/index" for 127.0.0.1 at 2020-07-03 21:13:23 -0500
Processing by WelcomeController#index as HTML
  Rendering welcome/index.html.erb within layouts/application
  Rendered welcome/index.html.erb within layouts/application (0.7ms)
Completed 200 OK in 33ms (Views: 29.4ms | ActiveRecord: 0.0ms)


Started GET "/welcome/index" for 127.0.0.1 at 2020-07-03 21:14:00 -0500
Processing by WelcomeController#index as HTML
  Rendering welcome/index.html.erb within layouts/application
  Rendered welcome/index.html.erb within layouts/application (0.5ms)
Completed 200 OK in 34ms (Views: 30.2ms | ActiveRecord: 0.0ms)


Started GET "/welcome/index" for 127.0.0.1 at 2020-07-03 21:14:35 -0500
Processing by WelcomeController#index as HTML
  Rendering welcome/index.html.erb within layouts/application
  Rendered welcome/index.html.erb within layouts/application (0.5ms)
Completed 200 OK in 55ms (Views: 51.6ms | ActiveRecord: 0.0ms)


Started GET "/welcome/index" for 127.0.0.1 at 2020-07-03 21:15:13 -0500
Processing by WelcomeController#index as HTML
  Rendering welcome/index.html.erb within layouts/application
  Rendered welcome/index.html.erb within layouts/application (0.6ms)
Completed 200 OK in 33ms (Views: 30.1ms | ActiveRecord: 0.0ms)


Started GET "/welcome/index" for 127.0.0.1 at 2020-07-03 21:16:02 -0500
Processing by WelcomeController#index as HTML
  Rendering welcome/index.html.erb within layouts/application
  Rendered welcome/index.html.erb within layouts/application (0.5ms)
Completed 200 OK in 37ms (Views: 32.9ms | ActiveRecord: 0.0ms)


Started GET "/welcome/index" for 127.0.0.1 at 2020-07-03 21:16:18 -0500
Processing by WelcomeController#index as HTML
  Rendering welcome/index.html.erb within layouts/application
  Rendered welcome/index.html.erb within layouts/application (0.5ms)
Completed 200 OK in 39ms (Views: 35.9ms | ActiveRecord: 0.0ms)


Started GET "/welcome/index" for 127.0.0.1 at 2020-07-03 21:16:53 -0500
Processing by WelcomeController#index as HTML
  Rendering welcome/index.html.erb within layouts/application
  Rendered welcome/index.html.erb within layouts/application (0.6ms)
Completed 200 OK in 28ms (Views: 25.3ms | ActiveRecord: 0.0ms)


Started GET "/welcome/index" for 127.0.0.1 at 2020-07-03 21:16:55 -0500
Processing by WelcomeController#index as HTML
  Rendering welcome/index.html.erb within layouts/application
  Rendered welcome/index.html.erb within layouts/application (0.5ms)
Completed 200 OK in 28ms (Views: 24.8ms | ActiveRecord: 0.0ms)


Started GET "/welcome/index" for 127.0.0.1 at 2020-07-03 21:17:36 -0500
Processing by WelcomeController#index as HTML
  Rendering welcome/index.html.erb within layouts/application
  Rendered welcome/index.html.erb within layouts/application (1.1ms)
Completed 200 OK in 59ms (Views: 55.9ms | ActiveRecord: 0.0ms)


Started GET "/welcome/index" for 127.0.0.1 at 2020-07-03 21:18:59 -0500
Processing by WelcomeController#index as HTML
  Rendering welcome/index.html.erb within layouts/application
  Rendered welcome/index.html.erb within layouts/application (0.4ms)
Completed 200 OK in 69ms (Views: 64.3ms | ActiveRecord: 0.0ms)


Started GET "/welcome/index" for 127.0.0.1 at 2020-07-03 21:19:00 -0500
Processing by WelcomeController#index as HTML
  Rendering welcome/index.html.erb within layouts/application
  Rendered welcome/index.html.erb within layouts/application (0.4ms)
Completed 200 OK in 35ms (Views: 31.7ms | ActiveRecord: 0.0ms)


Started GET "/welcome/index" for 127.0.0.1 at 2020-07-03 21:19:01 -0500
Processing by WelcomeController#index as HTML
  Rendering welcome/index.html.erb within layouts/application
  Rendered welcome/index.html.erb within layouts/application (0.4ms)
Completed 200 OK in 29ms (Views: 26.1ms | ActiveRecord: 0.0ms)


Started GET "/welcome/index" for 127.0.0.1 at 2020-07-03 21:19:50 -0500
Processing by WelcomeController#index as HTML
  Rendering welcome/index.html.erb within layouts/application
  Rendered welcome/index.html.erb within layouts/application (7.7ms)
Completed 200 OK in 208ms (Views: 186.5ms | ActiveRecord: 0.0ms)


Started GET "/welcome/index" for 127.0.0.1 at 2020-07-03 21:20:04 -0500
Processing by WelcomeController#index as HTML
  Rendering welcome/index.html.erb within layouts/application
  Rendered welcome/index.html.erb within layouts/application (1.6ms)
Completed 200 OK in 77ms (Views: 69.9ms | ActiveRecord: 0.0ms)


Started GET "/welcome/index" for 127.0.0.1 at 2020-07-03 21:20:05 -0500
Processing by WelcomeController#index as HTML
  Rendering welcome/index.html.erb within layouts/application
  Rendered welcome/index.html.erb within layouts/application (0.9ms)
Completed 200 OK in 80ms (Views: 74.8ms | ActiveRecord: 0.0ms)


Started GET "/welcome/index" for 127.0.0.1 at 2020-07-03 21:20:24 -0500
Processing by WelcomeController#index as HTML
  Rendering welcome/index.html.erb within layouts/application
  Rendered welcome/index.html.erb within layouts/application (1.1ms)
Completed 200 OK in 75ms (Views: 67.6ms | ActiveRecord: 0.0ms)


Started GET "/welcome/index" for 127.0.0.1 at 2020-07-03 21:20:47 -0500
Processing by WelcomeController#index as HTML
  Rendering welcome/index.html.erb within layouts/application
  Rendered welcome/index.html.erb within layouts/application (0.6ms)
Completed 200 OK in 44ms (Views: 40.3ms | ActiveRecord: 0.0ms)


Started GET "/welcome/index" for 127.0.0.1 at 2020-07-03 21:21:12 -0500
Processing by WelcomeController#index as HTML
  Rendering welcome/index.html.erb within layouts/application
  Rendered welcome/index.html.erb within layouts/application (0.5ms)
Completed 200 OK in 58ms (Views: 53.7ms | ActiveRecord: 0.0ms)


Started GET "/welcome/index" for 127.0.0.1 at 2020-07-03 21:21:50 -0500
Processing by WelcomeController#index as HTML
  Rendering welcome/index.html.erb within layouts/application
  Rendered welcome/index.html.erb within layouts/application (1.1ms)
Completed 200 OK in 89ms (Views: 82.3ms | ActiveRecord: 0.0ms)


Started GET "/welcome/index" for 127.0.0.1 at 2020-07-03 21:21:51 -0500
Processing by WelcomeController#index as HTML
  Rendering welcome/index.html.erb within layouts/application
  Rendered welcome/index.html.erb within layouts/application (0.9ms)
Completed 200 OK in 193ms (Views: 187.1ms | ActiveRecord: 0.0ms)


Started GET "/welcome/index" for 127.0.0.1 at 2020-07-04 20:58:38 -0500
Processing by WelcomeController#index as HTML
  Rendering welcome/index.html.erb within layouts/application
  Rendered welcome/index.html.erb within layouts/application (5.7ms)
Completed 200 OK in 120ms (Views: 95.0ms | ActiveRecord: 0.0ms)


Started GET "/welcome/index" for 127.0.0.1 at 2020-07-04 20:59:09 -0500
Processing by WelcomeController#index as HTML
  Rendering welcome/index.html.erb within layouts/application
  Rendered welcome/index.html.erb within layouts/application (0.5ms)
Completed 200 OK in 62ms (Views: 58.2ms | ActiveRecord: 0.0ms)


Started GET "/welcome/index" for 127.0.0.1 at 2020-07-04 21:02:29 -0500
Processing by WelcomeController#index as HTML
  Rendering welcome/index.html.erb within layouts/application
  Rendered welcome/index.html.erb within layouts/application (3.6ms)
Completed 200 OK in 136ms (Views: 125.9ms | ActiveRecord: 0.0ms)


Started GET "/welcome/index" for 127.0.0.1 at 2020-07-04 21:02:57 -0500
Processing by WelcomeController#index as HTML
  Rendering welcome/index.html.erb within layouts/application
  Rendered welcome/index.html.erb within layouts/application (0.7ms)
Completed 200 OK in 71ms (Views: 66.5ms | ActiveRecord: 0.0ms)


